<?xml version="1.0" encoding="UTF-8"?>
<!-- Generated by org.testng.reporters.JUnitXMLReporter -->
<testsuite ignored="0" hostname="DELL" failures="0" tests="2" name="Default test" time="0.074" errors="0" timestamp="2022-12-23T13:45:35 IST">
  <testcase classname="organizationTest.CreateOrganizationTest" name="tc_215_CreateOrgWithMandatoryFieldTest" time="0.013"/>
  <testcase classname="organizationTest.CreateOrganizationTest" name="tc_216_CreateOrgWithIndustryTest" time="0.005"/>
</testsuite> <!-- Default test -->
