<?xml version="1.0" encoding="UTF-8"?>
<testng-results ignored="0" total="1" passed="1" failed="0" skipped="0">
  <reporter-output>
  </reporter-output>
  <suite started-at="2022-12-14T16:43:39 IST" name="Default suite" finished-at="2022-12-14T16:43:39 IST" duration-ms="111">
    <groups>
    </groups>
    <test started-at="2022-12-14T16:43:39 IST" name="Default test" finished-at="2022-12-14T16:43:39 IST" duration-ms="111">
      <class name="Sample.demo1">
        <test-method signature="sampleTest()[pri:0, instance:Sample.demo1@d4342c2]" started-at="2022-12-14T16:43:39 IST" name="sampleTest" finished-at="2022-12-14T16:43:39 IST" duration-ms="18" status="PASS">
          <reporter-output>
          </reporter-output>
        </test-method> <!-- sampleTest -->
      </class> <!-- Sample.demo1 -->
    </test> <!-- Default test -->
  </suite> <!-- Default suite -->
</testng-results>
