<?xml version="1.0" encoding="UTF-8"?>
<testng-results ignored="0" total="1" passed="1" failed="0" skipped="0">
  <reporter-output>
  </reporter-output>
  <suite started-at="2022-12-23T13:35:37 IST" name="Default suite" finished-at="2022-12-23T13:35:37 IST" duration-ms="243">
    <groups>
    </groups>
    <test started-at="2022-12-23T13:35:37 IST" name="Default test" finished-at="2022-12-23T13:35:37 IST" duration-ms="243">
      <class name="organizationTest.CreateOrganizationTest">
        <test-method signature="tc_215_CreateOrgWithMandatoryFieldTest()[pri:0, instance:organizationTest.CreateOrganizationTest@d4342c2]" started-at="2022-12-23T13:35:37 IST" name="tc_215_CreateOrgWithMandatoryFieldTest" finished-at="2022-12-23T13:35:37 IST" duration-ms="32" status="PASS">
          <reporter-output>
          </reporter-output>
        </test-method> <!-- tc_215_CreateOrgWithMandatoryFieldTest -->
      </class> <!-- organizationTest.CreateOrganizationTest -->
    </test> <!-- Default test -->
  </suite> <!-- Default suite -->
</testng-results>
